  [1m[36m (185.4ms)[0m  [1mDROP DATABASE IF EXISTS "jungle_development"[0m
  [1m[35m (0.1ms)[0m  DROP DATABASE IF EXISTS "jungle_test"
  [1m[36m (859.8ms)[0m  [1mCREATE DATABASE "jungle_development" ENCODING = 'unicode'[0m
  [1m[35m (239.1ms)[0m  CREATE DATABASE "jungle_test" ENCODING = 'unicode'
  [1m[36mSQL (2.0ms)[0m  [1mCREATE EXTENSION IF NOT EXISTS "plpgsql"[0m
  [1m[35m (83.0ms)[0m  CREATE TABLE "categories" ("id" serial primary key, "name" character varying, "created_at" timestamp NOT NULL, "updated_at" timestamp NOT NULL) 
  [1m[36m (7.6ms)[0m  [1mCREATE TABLE "line_items" ("id" serial primary key, "order_id" integer, "product_id" integer, "quantity" integer, "item_price_cents" integer, "total_price_cents" integer, "created_at" timestamp NOT NULL, "updated_at" timestamp NOT NULL) [0m
  [1m[35m (2.4ms)[0m  CREATE  INDEX  "index_line_items_on_order_id" ON "line_items" USING btree ("order_id")
  [1m[36m (2.4ms)[0m  [1mCREATE  INDEX  "index_line_items_on_product_id" ON "line_items" USING btree ("product_id")[0m
  [1m[35m (6.0ms)[0m  CREATE TABLE "orders" ("id" serial primary key, "total_cents" integer, "created_at" timestamp NOT NULL, "updated_at" timestamp NOT NULL, "stripe_charge_id" character varying, "email" character varying) 
  [1m[36m (7.6ms)[0m  [1mCREATE TABLE "products" ("id" serial primary key, "name" character varying, "description" text, "image" character varying, "price_cents" integer, "quantity" integer, "created_at" timestamp NOT NULL, "updated_at" timestamp NOT NULL, "category_id" integer) [0m
  [1m[35m (2.7ms)[0m  CREATE  INDEX  "index_products_on_category_id" ON "products" USING btree ("category_id")
  [1m[36m (10.6ms)[0m  [1mALTER TABLE "line_items" ADD CONSTRAINT "fk_rails_2dc2e5c22c"
FOREIGN KEY ("order_id")
  REFERENCES "orders" ("id")
[0m
  [1m[35m (2.7ms)[0m  ALTER TABLE "line_items" ADD CONSTRAINT "fk_rails_11e15d5c6b"
FOREIGN KEY ("product_id")
  REFERENCES "products" ("id")

  [1m[36m (27.1ms)[0m  [1mALTER TABLE "products" ADD CONSTRAINT "fk_rails_fb915499a4"
FOREIGN KEY ("category_id")
  REFERENCES "categories" ("id")
[0m
  [1m[35m (4.9ms)[0m  CREATE TABLE "schema_migrations" ("version" character varying NOT NULL) 
  [1m[36m (5.1ms)[0m  [1mCREATE UNIQUE INDEX  "unique_schema_migrations" ON "schema_migrations"  ("version")[0m
  [1m[35m (1.2ms)[0m  SELECT version FROM "schema_migrations"
  [1m[36m (1.4ms)[0m  [1mINSERT INTO "schema_migrations" (version) VALUES ('20160625062916')[0m
  [1m[35m (0.7ms)[0m  INSERT INTO "schema_migrations" (version) VALUES ('20160621152728')
  [1m[36m (0.7ms)[0m  [1mINSERT INTO "schema_migrations" (version) VALUES ('20160621153855')[0m
  [1m[35m (0.7ms)[0m  INSERT INTO "schema_migrations" (version) VALUES ('20160621153741')
  [1m[36m (0.6ms)[0m  [1mINSERT INTO "schema_migrations" (version) VALUES ('20160623222000')[0m
  [1m[35m (0.9ms)[0m  INSERT INTO "schema_migrations" (version) VALUES ('20160622113553')
  [1m[36m (25.8ms)[0m  [1mINSERT INTO "schema_migrations" (version) VALUES ('20160623110200')[0m
  [1m[35mSQL (0.7ms)[0m  CREATE EXTENSION IF NOT EXISTS "plpgsql"
  [1m[36m (38.4ms)[0m  [1mCREATE TABLE "categories" ("id" serial primary key, "name" character varying, "created_at" timestamp NOT NULL, "updated_at" timestamp NOT NULL) [0m
  [1m[35m (6.0ms)[0m  CREATE TABLE "line_items" ("id" serial primary key, "order_id" integer, "product_id" integer, "quantity" integer, "item_price_cents" integer, "total_price_cents" integer, "created_at" timestamp NOT NULL, "updated_at" timestamp NOT NULL) 
  [1m[36m (2.2ms)[0m  [1mCREATE  INDEX  "index_line_items_on_order_id" ON "line_items" USING btree ("order_id")[0m
  [1m[35m (2.2ms)[0m  CREATE  INDEX  "index_line_items_on_product_id" ON "line_items" USING btree ("product_id")
  [1m[36m (6.4ms)[0m  [1mCREATE TABLE "orders" ("id" serial primary key, "total_cents" integer, "created_at" timestamp NOT NULL, "updated_at" timestamp NOT NULL, "stripe_charge_id" character varying, "email" character varying) [0m
  [1m[35m (5.7ms)[0m  CREATE TABLE "products" ("id" serial primary key, "name" character varying, "description" text, "image" character varying, "price_cents" integer, "quantity" integer, "created_at" timestamp NOT NULL, "updated_at" timestamp NOT NULL, "category_id" integer) 
  [1m[36m (1.8ms)[0m  [1mCREATE  INDEX  "index_products_on_category_id" ON "products" USING btree ("category_id")[0m
  [1m[35m (4.6ms)[0m  ALTER TABLE "line_items" ADD CONSTRAINT "fk_rails_2dc2e5c22c"
FOREIGN KEY ("order_id")
  REFERENCES "orders" ("id")

  [1m[36m (27.7ms)[0m  [1mALTER TABLE "line_items" ADD CONSTRAINT "fk_rails_11e15d5c6b"
FOREIGN KEY ("product_id")
  REFERENCES "products" ("id")
[0m
  [1m[35m (2.8ms)[0m  ALTER TABLE "products" ADD CONSTRAINT "fk_rails_fb915499a4"
FOREIGN KEY ("category_id")
  REFERENCES "categories" ("id")

  [1m[36m (3.8ms)[0m  [1mCREATE TABLE "schema_migrations" ("version" character varying NOT NULL) [0m
  [1m[35m (2.1ms)[0m  CREATE UNIQUE INDEX  "unique_schema_migrations" ON "schema_migrations"  ("version")
  [1m[36m (0.6ms)[0m  [1mSELECT version FROM "schema_migrations"[0m
  [1m[35m (1.2ms)[0m  INSERT INTO "schema_migrations" (version) VALUES ('20160625062916')
  [1m[36m (0.8ms)[0m  [1mINSERT INTO "schema_migrations" (version) VALUES ('20160621152728')[0m
  [1m[35m (0.7ms)[0m  INSERT INTO "schema_migrations" (version) VALUES ('20160621153855')
  [1m[36m (0.8ms)[0m  [1mINSERT INTO "schema_migrations" (version) VALUES ('20160621153741')[0m
  [1m[35m (0.7ms)[0m  INSERT INTO "schema_migrations" (version) VALUES ('20160623222000')
  [1m[36m (0.6ms)[0m  [1mINSERT INTO "schema_migrations" (version) VALUES ('20160622113553')[0m
  [1m[35m (25.8ms)[0m  INSERT INTO "schema_migrations" (version) VALUES ('20160623110200')
  [1m[36mActiveRecord::SchemaMigration Load (25.6ms)[0m  [1mSELECT "schema_migrations".* FROM "schema_migrations"[0m
  [1m[35mCategory Load (0.6ms)[0m  SELECT  "categories".* FROM "categories" WHERE "categories"."name" = $1 LIMIT 1  [["name", "Apparel"]]
  [1m[36m (0.2ms)[0m  [1mBEGIN[0m
  [1m[35mSQL (30.4ms)[0m  INSERT INTO "categories" ("name", "created_at", "updated_at") VALUES ($1, $2, $3) RETURNING "id"  [["name", "Apparel"], ["created_at", "2022-02-05 06:07:29.257334"], ["updated_at", "2022-02-05 06:07:29.257334"]]
  [1m[36m (0.8ms)[0m  [1mCOMMIT[0m
  [1m[35mCategory Load (0.3ms)[0m  SELECT  "categories".* FROM "categories" WHERE "categories"."name" = $1 LIMIT 1  [["name", "Electronics"]]
  [1m[36m (0.2ms)[0m  [1mBEGIN[0m
  [1m[35mSQL (0.4ms)[0m  INSERT INTO "categories" ("name", "created_at", "updated_at") VALUES ($1, $2, $3) RETURNING "id"  [["name", "Electronics"], ["created_at", "2022-02-05 06:07:29.294239"], ["updated_at", "2022-02-05 06:07:29.294239"]]
  [1m[36m (0.6ms)[0m  [1mCOMMIT[0m
  [1m[35mCategory Load (0.2ms)[0m  SELECT  "categories".* FROM "categories" WHERE "categories"."name" = $1 LIMIT 1  [["name", "Furniture"]]
  [1m[36m (0.1ms)[0m  [1mBEGIN[0m
  [1m[35mSQL (0.2ms)[0m  INSERT INTO "categories" ("name", "created_at", "updated_at") VALUES ($1, $2, $3) RETURNING "id"  [["name", "Furniture"], ["created_at", "2022-02-05 06:07:29.297567"], ["updated_at", "2022-02-05 06:07:29.297567"]]
  [1m[36m (0.5ms)[0m  [1mCOMMIT[0m
  [1m[35mProduct Load (0.5ms)[0m  SELECT "products".* FROM "products"
  [1m[36m (0.2ms)[0m  [1mBEGIN[0m
  [1m[35mSQL (0.8ms)[0m  INSERT INTO "products" ("name", "description", "image", "quantity", "price_cents", "category_id", "created_at", "updated_at") VALUES ($1, $2, $3, $4, $5, $6, $7, $8) RETURNING "id"  [["name", "Men's Classy shirt"], ["description", "Ethical put a bird on it paleo. 90's pabst godard xoxo tofu intelligentsia. Before they sold out dreamcatcher fanny pack. Plaid selvage leggings."], ["image", "apparel1.jpg"], ["quantity", 10], ["price_cents", 6499], ["category_id", 1], ["created_at", "2022-02-05 06:07:30.500267"], ["updated_at", "2022-02-05 06:07:30.500267"]]
  [1m[36m (4.0ms)[0m  [1mCOMMIT[0m
  [1m[35m (0.1ms)[0m  BEGIN
  [1m[36mSQL (0.9ms)[0m  [1mINSERT INTO "products" ("name", "description", "image", "quantity", "price_cents", "category_id", "created_at", "updated_at") VALUES ($1, $2, $3, $4, $5, $6, $7, $8) RETURNING "id"[0m  [["name", "Women's Zebra pants"], ["description", "Lo-fi kogi yr cliche. Meh iphone franzen paleo drinking pbr&b green juice kitsch. Yr forage pour-over +1 vice cornhole salvia trust fund. Gastropub disrupt schlitz chia meggings direct trade leggings."], ["image", "apparel2.jpg"], ["quantity", 18], ["price_cents", 12499], ["category_id", 1], ["created_at", "2022-02-05 06:07:30.538572"], ["updated_at", "2022-02-05 06:07:30.538572"]]
  [1m[35m (4.0ms)[0m  COMMIT
  [1m[36m (0.2ms)[0m  [1mBEGIN[0m
  [1m[35mSQL (0.4ms)[0m  INSERT INTO "products" ("name", "description", "image", "quantity", "price_cents", "category_id", "created_at", "updated_at") VALUES ($1, $2, $3, $4, $5, $6, $7, $8) RETURNING "id"  [["name", "Hipster Hat"], ["description", "Migas pug chillwave actually cred xoxo heirloom williamsburg. Quinoa blue bottle readymade meh narwhal master. Readymade street cronut pug taxidermy echo chartreuse. Tofu selfies skateboard intelligentsia shoreditch forage next level."], ["image", "apparel3.jpg"], ["quantity", 4], ["price_cents", 3449], ["category_id", 1], ["created_at", "2022-02-05 06:07:30.604486"], ["updated_at", "2022-02-05 06:07:30.604486"]]
  [1m[36m (4.5ms)[0m  [1mCOMMIT[0m
  [1m[35m (25.1ms)[0m  BEGIN
  [1m[36mSQL (0.4ms)[0m  [1mINSERT INTO "products" ("name", "description", "image", "quantity", "price_cents", "category_id", "created_at", "updated_at") VALUES ($1, $2, $3, $4, $5, $6, $7, $8) RETURNING "id"[0m  [["name", "Hipster Socks"], ["description", "Typewriter fixie keffiyeh wayfarers heirloom intelligentsia. Vhs letterpress migas put a bird on it disrupt. Sustainable before they sold out raw denim. Humblebrag jean shorts skateboard williamsburg shoreditch selfies roof food truck. Tofu mumblecore celiac humblebrag organic bespoke freegan."], ["image", "apparel4.jpg"], ["quantity", 8], ["price_cents", 2500], ["category_id", 1], ["created_at", "2022-02-05 06:07:30.891147"], ["updated_at", "2022-02-05 06:07:30.891147"]]
  [1m[35m (4.5ms)[0m  COMMIT
  [1m[36m (0.3ms)[0m  [1mBEGIN[0m
  [1m[35mSQL (0.4ms)[0m  INSERT INTO "products" ("name", "description", "image", "quantity", "price_cents", "category_id", "created_at", "updated_at") VALUES ($1, $2, $3, $4, $5, $6, $7, $8) RETURNING "id"  [["name", "Russian Spy Shoes"], ["description", "Migas venmo phlogiston wolf marfa yr wayfarers. Seitan lo-fi meh. Single-origin coffee pug put a bird on it dreamcatcher health leggings banh mi mumblecore. Mumblecore helvetica semiotics skateboard leggings fingerstache. Leggings ennui mumblecore blue bottle. Offal normcore schlitz phlogiston diy pour-over tote bag."], ["image", "apparel5.jpg"], ["quantity", 8], ["price_cents", 122500], ["category_id", 1], ["created_at", "2022-02-05 06:07:30.945996"], ["updated_at", "2022-02-05 06:07:30.945996"]]
  [1m[36m (4.2ms)[0m  [1mCOMMIT[0m
  [1m[35m (0.1ms)[0m  BEGIN
  [1m[36mSQL (11.8ms)[0m  [1mINSERT INTO "products" ("name", "description", "image", "quantity", "price_cents", "category_id", "created_at", "updated_at") VALUES ($1, $2, $3, $4, $5, $6, $7, $8) RETURNING "id"[0m  [["name", "Human Feet Shoes"], ["description", "Messenger bag hammock bitters hella. Heirloom kombucha yolo you probably haven't heard of them keffiyeh marfa butcher diy. Neutra pop-up hoodie xoxo gastropub tofu roof. Fanny pack distillery lomo pbr&b. Biodiesel forage brunch."], ["image", "apparel6.jpg"], ["quantity", 82], ["price_cents", 22450], ["category_id", 1], ["created_at", "2022-02-05 06:07:30.977732"], ["updated_at", "2022-02-05 06:07:30.977732"]]
  [1m[35m (4.6ms)[0m  COMMIT
  [1m[36m (0.2ms)[0m  [1mBEGIN[0m
  [1m[35mSQL (0.3ms)[0m  INSERT INTO "products" ("name", "description", "image", "quantity", "price_cents", "category_id", "created_at", "updated_at") VALUES ($1, $2, $3, $4, $5, $6, $7, $8) RETURNING "id"  [["name", "Modern Skateboards"], ["description", "Pabst occupy venmo selvage. Health taxidermy master humblebrag cronut blog. Leggings letterpress truffaut. Yolo polaroid brooklyn cornhole 3 wolf moon."], ["image", "electronics1.jpg"], ["quantity", 40], ["price_cents", 16449], ["category_id", 2], ["created_at", "2022-02-05 06:07:31.042067"], ["updated_at", "2022-02-05 06:07:31.042067"]]
  [1m[36m (4.1ms)[0m  [1mCOMMIT[0m
  [1m[35m (0.1ms)[0m  BEGIN
  [1m[36mSQL (0.4ms)[0m  [1mINSERT INTO "products" ("name", "description", "image", "quantity", "price_cents", "category_id", "created_at", "updated_at") VALUES ($1, $2, $3, $4, $5, $6, $7, $8) RETURNING "id"[0m  [["name", "Hotdog Slicer"], ["description", "Post-ironic shabby chic ramps chartreuse lo-fi quinoa fixie before they sold out. Asymmetrical direct trade ethical diy. Blog synth schlitz biodiesel shoreditch locavore. Cornhole raw denim cliche distillery literally. Humblebrag forage hella. Chicharrones single-origin coffee helvetica brooklyn narwhal."], ["image", "electronics2.jpg"], ["quantity", 3], ["price_cents", 2600], ["category_id", 2], ["created_at", "2022-02-05 06:07:31.099790"], ["updated_at", "2022-02-05 06:07:31.099790"]]
  [1m[35m (4.2ms)[0m  COMMIT
  [1m[36m (0.1ms)[0m  [1mBEGIN[0m
  [1m[35mSQL (0.2ms)[0m  INSERT INTO "products" ("name", "description", "image", "quantity", "price_cents", "category_id", "created_at", "updated_at") VALUES ($1, $2, $3, $4, $5, $6, $7, $8) RETURNING "id"  [["name", "World's Largest Smartwatch"], ["description", "Listicle quinoa blog distillery xoxo. Pug chambray cold-pressed mixtape semiotics franzen cray thundercats. Green juice plaid semiotics migas. 3 wolf moon next level selvage normcore tacos."], ["image", "electronics3.jpg"], ["quantity", 32], ["price_cents", 202629], ["category_id", 2], ["created_at", "2022-02-05 06:07:31.153748"], ["updated_at", "2022-02-05 06:07:31.153748"]]
  [1m[36m (3.8ms)[0m  [1mCOMMIT[0m
  [1m[35m (0.1ms)[0m  BEGIN
  [1m[36mSQL (0.4ms)[0m  [1mINSERT INTO "products" ("name", "description", "image", "quantity", "price_cents", "category_id", "created_at", "updated_at") VALUES ($1, $2, $3, $4, $5, $6, $7, $8) RETURNING "id"[0m  [["name", "Optimal Sleeping Bed"], ["description", "Chicharrones knausgaard sartorial 8-bit celiac everyday put a bird on it. Banjo gluten-free raw denim gentrify. Tofu next level tacos. Farm-to-table ramps lumbersexual gluten-free helvetica. 3 wolf moon cornhole jean shorts. Mumblecore gastropub you probably haven't heard of them flannel."], ["image", "furniture1.jpg"], ["quantity", 320], ["price_cents", 305200], ["category_id", 3], ["created_at", "2022-02-05 06:07:31.203933"], ["updated_at", "2022-02-05 06:07:31.203933"]]
  [1m[35m (4.7ms)[0m  COMMIT
  [1m[36m (25.2ms)[0m  [1mBEGIN[0m
  [1m[35mSQL (0.5ms)[0m  INSERT INTO "products" ("name", "description", "image", "quantity", "price_cents", "category_id", "created_at", "updated_at") VALUES ($1, $2, $3, $4, $5, $6, $7, $8) RETURNING "id"  [["name", "Electric Chair"], ["description", "Cliche sriracha neutra godard. Vegan pickled franzen sriracha neutra meditation. Austin pinterest brooklyn truffaut iphone shoreditch. Mixtape synth kogi iphone."], ["image", "furniture2.jpg"], ["quantity", 2], ["price_cents", 98765], ["category_id", 3], ["created_at", "2022-02-05 06:07:31.307387"], ["updated_at", "2022-02-05 06:07:31.307387"]]
  [1m[36m (25.8ms)[0m  [1mCOMMIT[0m
  [1m[35m (0.1ms)[0m  BEGIN
  [1m[36mSQL (0.5ms)[0m  [1mINSERT INTO "products" ("name", "description", "image", "quantity", "price_cents", "category_id", "created_at", "updated_at") VALUES ($1, $2, $3, $4, $5, $6, $7, $8) RETURNING "id"[0m  [["name", "Red Bookshelf"], ["description", "Tote bag cold-pressed echo marfa banjo. Selvage pop-up flannel lo-fi chartreuse keytar synth cronut. Chicharrones gluten-free selfies roof ethical five dollar toast cornhole pbr&b. Cold-pressed yr cornhole pbr&b +1."], ["image", "furniture3.jpg"], ["quantity", 23], ["price_cents", 248375], ["category_id", 3], ["created_at", "2022-02-05 06:07:31.544367"], ["updated_at", "2022-02-05 06:07:31.544367"]]
  [1m[35m (4.4ms)[0m  COMMIT


Started GET "/" for 127.0.0.1 at 2022-02-04 23:11:59 -0700
  [1m[36mActiveRecord::SchemaMigration Load (0.5ms)[0m  [1mSELECT "schema_migrations".* FROM "schema_migrations"[0m
Processing by ProductsController#index as HTML
  [1m[35mProduct Load (15.5ms)[0m  SELECT "products".* FROM "products"  ORDER BY "products"."created_at" DESC
  Rendered products/_product.html.erb (1187.3ms)
  Rendered products/index.html.erb within layouts/application (1221.5ms)
  [1m[36mCategory Load (7.5ms)[0m  [1mSELECT "categories".* FROM "categories"[0m
  Rendered layouts/_top_nav.html.erb (20.5ms)
Completed 200 OK in 6315ms (Views: 6264.1ms | ActiveRecord: 28.2ms)


Started GET "/service-worker.js" for 127.0.0.1 at 2022-02-04 23:12:08 -0700

ActionController::RoutingError (No route matches [GET] "/service-worker.js"):
  actionpack (4.2.11) lib/action_dispatch/middleware/debug_exceptions.rb:21:in `call'
  web-console (2.3.0) lib/web_console/middleware.rb:28:in `block in call'
  web-console (2.3.0) lib/web_console/middleware.rb:18:in `catch'
  web-console (2.3.0) lib/web_console/middleware.rb:18:in `call'
  actionpack (4.2.11) lib/action_dispatch/middleware/show_exceptions.rb:30:in `call'
  railties (4.2.11) lib/rails/rack/logger.rb:38:in `call_app'
  railties (4.2.11) lib/rails/rack/logger.rb:20:in `block in call'
  activesupport (4.2.11) lib/active_support/tagged_logging.rb:68:in `block in tagged'
  activesupport (4.2.11) lib/active_support/tagged_logging.rb:26:in `tagged'
  activesupport (4.2.11) lib/active_support/tagged_logging.rb:68:in `tagged'
  railties (4.2.11) lib/rails/rack/logger.rb:20:in `call'
  quiet_assets (1.1.0) lib/quiet_assets.rb:27:in `call_with_quiet_assets'
  actionpack (4.2.11) lib/action_dispatch/middleware/request_id.rb:21:in `call'
  rack (1.6.13) lib/rack/methodoverride.rb:22:in `call'
  rack (1.6.13) lib/rack/runtime.rb:18:in `call'
  activesupport (4.2.11) lib/active_support/cache/strategy/local_cache_middleware.rb:28:in `call'
  rack (1.6.13) lib/rack/lock.rb:17:in `call'
  actionpack (4.2.11) lib/action_dispatch/middleware/static.rb:120:in `call'
  rack (1.6.13) lib/rack/sendfile.rb:113:in `call'
  railties (4.2.11) lib/rails/engine.rb:518:in `call'
  railties (4.2.11) lib/rails/application.rb:165:in `call'
  rack (1.6.13) lib/rack/content_length.rb:15:in `call'
  puma (5.6.1) lib/puma/configuration.rb:252:in `call'
  puma (5.6.1) lib/puma/request.rb:77:in `block in handle_request'
  puma (5.6.1) lib/puma/thread_pool.rb:340:in `with_force_shutdown'
  puma (5.6.1) lib/puma/request.rb:76:in `handle_request'
  puma (5.6.1) lib/puma/server.rb:441:in `process_client'
  puma (5.6.1) lib/puma/thread_pool.rb:147:in `block in spawn_thread'


  Rendered /Users/manali/.rbenv/versions/2.6.6/lib/ruby/gems/2.6.0/gems/actionpack-4.2.11/lib/action_dispatch/middleware/templates/rescues/_trace.html.erb (1.4ms)
  Rendered /Users/manali/.rbenv/versions/2.6.6/lib/ruby/gems/2.6.0/gems/actionpack-4.2.11/lib/action_dispatch/middleware/templates/routes/_route.html.erb (1.1ms)
  Rendered /Users/manali/.rbenv/versions/2.6.6/lib/ruby/gems/2.6.0/gems/actionpack-4.2.11/lib/action_dispatch/middleware/templates/routes/_table.html.erb (15.4ms)
  Rendered /Users/manali/.rbenv/versions/2.6.6/lib/ruby/gems/2.6.0/gems/actionpack-4.2.11/lib/action_dispatch/middleware/templates/rescues/_request_and_response.html.erb (1.4ms)
  Rendered /Users/manali/.rbenv/versions/2.6.6/lib/ruby/gems/2.6.0/gems/actionpack-4.2.11/lib/action_dispatch/middleware/templates/rescues/routing_error.html.erb within rescues/layout (51.1ms)
  Rendered /Users/manali/.rbenv/versions/2.6.6/lib/ruby/gems/2.6.0/gems/web-console-2.3.0/lib/web_console/templates/_markup.html.erb (0.5ms)
  Rendered /Users/manali/.rbenv/versions/2.6.6/lib/ruby/gems/2.6.0/gems/web-console-2.3.0/lib/web_console/templates/_inner_console_markup.html.erb within layouts/inlined_string (0.4ms)
  Rendered /Users/manali/.rbenv/versions/2.6.6/lib/ruby/gems/2.6.0/gems/web-console-2.3.0/lib/web_console/templates/_prompt_box_markup.html.erb within layouts/inlined_string (0.4ms)
  Rendered /Users/manali/.rbenv/versions/2.6.6/lib/ruby/gems/2.6.0/gems/web-console-2.3.0/lib/web_console/templates/style.css.erb within layouts/inlined_string (0.4ms)
  Rendered /Users/manali/.rbenv/versions/2.6.6/lib/ruby/gems/2.6.0/gems/web-console-2.3.0/lib/web_console/templates/console.js.erb within layouts/javascript (26.9ms)
  Rendered /Users/manali/.rbenv/versions/2.6.6/lib/ruby/gems/2.6.0/gems/web-console-2.3.0/lib/web_console/templates/main.js.erb within layouts/javascript (0.4ms)
  Rendered /Users/manali/.rbenv/versions/2.6.6/lib/ruby/gems/2.6.0/gems/web-console-2.3.0/lib/web_console/templates/error_page.js.erb within layouts/javascript (0.5ms)
  Rendered /Users/manali/.rbenv/versions/2.6.6/lib/ruby/gems/2.6.0/gems/web-console-2.3.0/lib/web_console/templates/index.html.erb (56.1ms)


Started POST "/cart/add_item?product_id=11" for 127.0.0.1 at 2022-02-04 23:12:17 -0700
Processing by CartsController#add_item as HTML
  Parameters: {"authenticity_token"=>"nQbh5oSaRhfUK0b1qfcKshwWD67sBjCZMuQgdypNBEnEhNf4HTb7R8MHBYrZ9VHUG0KWpe9LymR+qoze5BunXQ==", "product_id"=>"11"}
Redirected to http://localhost:3000/
Completed 302 Found in 4ms (ActiveRecord: 0.0ms)


Started GET "/" for 127.0.0.1 at 2022-02-04 23:12:17 -0700
Processing by ProductsController#index as HTML
  [1m[35mProduct Load (0.7ms)[0m  SELECT "products".* FROM "products"  ORDER BY "products"."created_at" DESC
  Rendered products/_product.html.erb (10.6ms)
  Rendered products/index.html.erb within layouts/application (13.5ms)
  [1m[36mCategory Load (0.2ms)[0m  [1mSELECT "categories".* FROM "categories"[0m
  Rendered layouts/_top_nav.html.erb (1.2ms)
Completed 200 OK in 57ms (Views: 55.6ms | ActiveRecord: 0.9ms)


Started GET "/service-worker.js" for 127.0.0.1 at 2022-02-04 23:12:19 -0700

ActionController::RoutingError (No route matches [GET] "/service-worker.js"):
  actionpack (4.2.11) lib/action_dispatch/middleware/debug_exceptions.rb:21:in `call'
  web-console (2.3.0) lib/web_console/middleware.rb:28:in `block in call'
  web-console (2.3.0) lib/web_console/middleware.rb:18:in `catch'
  web-console (2.3.0) lib/web_console/middleware.rb:18:in `call'
  actionpack (4.2.11) lib/action_dispatch/middleware/show_exceptions.rb:30:in `call'
  railties (4.2.11) lib/rails/rack/logger.rb:38:in `call_app'
  railties (4.2.11) lib/rails/rack/logger.rb:20:in `block in call'
  activesupport (4.2.11) lib/active_support/tagged_logging.rb:68:in `block in tagged'
  activesupport (4.2.11) lib/active_support/tagged_logging.rb:26:in `tagged'
  activesupport (4.2.11) lib/active_support/tagged_logging.rb:68:in `tagged'
  railties (4.2.11) lib/rails/rack/logger.rb:20:in `call'
  quiet_assets (1.1.0) lib/quiet_assets.rb:27:in `call_with_quiet_assets'
  actionpack (4.2.11) lib/action_dispatch/middleware/request_id.rb:21:in `call'
  rack (1.6.13) lib/rack/methodoverride.rb:22:in `call'
  rack (1.6.13) lib/rack/runtime.rb:18:in `call'
  activesupport (4.2.11) lib/active_support/cache/strategy/local_cache_middleware.rb:28:in `call'
  rack (1.6.13) lib/rack/lock.rb:17:in `call'
  actionpack (4.2.11) lib/action_dispatch/middleware/static.rb:120:in `call'
  rack (1.6.13) lib/rack/sendfile.rb:113:in `call'
  railties (4.2.11) lib/rails/engine.rb:518:in `call'
  railties (4.2.11) lib/rails/application.rb:165:in `call'
  rack (1.6.13) lib/rack/content_length.rb:15:in `call'
  puma (5.6.1) lib/puma/configuration.rb:252:in `call'
  puma (5.6.1) lib/puma/request.rb:77:in `block in handle_request'
  puma (5.6.1) lib/puma/thread_pool.rb:340:in `with_force_shutdown'
  puma (5.6.1) lib/puma/request.rb:76:in `handle_request'
  puma (5.6.1) lib/puma/server.rb:441:in `process_client'
  puma (5.6.1) lib/puma/thread_pool.rb:147:in `block in spawn_thread'


  Rendered /Users/manali/.rbenv/versions/2.6.6/lib/ruby/gems/2.6.0/gems/actionpack-4.2.11/lib/action_dispatch/middleware/templates/rescues/_trace.html.erb (2.3ms)
  Rendered /Users/manali/.rbenv/versions/2.6.6/lib/ruby/gems/2.6.0/gems/actionpack-4.2.11/lib/action_dispatch/middleware/templates/routes/_route.html.erb (1.3ms)
  Rendered /Users/manali/.rbenv/versions/2.6.6/lib/ruby/gems/2.6.0/gems/actionpack-4.2.11/lib/action_dispatch/middleware/templates/routes/_table.html.erb (0.8ms)
  Rendered /Users/manali/.rbenv/versions/2.6.6/lib/ruby/gems/2.6.0/gems/actionpack-4.2.11/lib/action_dispatch/middleware/templates/rescues/_request_and_response.html.erb (1.2ms)
  Rendered /Users/manali/.rbenv/versions/2.6.6/lib/ruby/gems/2.6.0/gems/actionpack-4.2.11/lib/action_dispatch/middleware/templates/rescues/routing_error.html.erb within rescues/layout (23.2ms)
  Rendered /Users/manali/.rbenv/versions/2.6.6/lib/ruby/gems/2.6.0/gems/web-console-2.3.0/lib/web_console/templates/_markup.html.erb (0.5ms)
  Rendered /Users/manali/.rbenv/versions/2.6.6/lib/ruby/gems/2.6.0/gems/web-console-2.3.0/lib/web_console/templates/_inner_console_markup.html.erb within layouts/inlined_string (0.3ms)
  Rendered /Users/manali/.rbenv/versions/2.6.6/lib/ruby/gems/2.6.0/gems/web-console-2.3.0/lib/web_console/templates/_prompt_box_markup.html.erb within layouts/inlined_string (0.3ms)
  Rendered /Users/manali/.rbenv/versions/2.6.6/lib/ruby/gems/2.6.0/gems/web-console-2.3.0/lib/web_console/templates/style.css.erb within layouts/inlined_string (0.3ms)
  Rendered /Users/manali/.rbenv/versions/2.6.6/lib/ruby/gems/2.6.0/gems/web-console-2.3.0/lib/web_console/templates/console.js.erb within layouts/javascript (14.5ms)
  Rendered /Users/manali/.rbenv/versions/2.6.6/lib/ruby/gems/2.6.0/gems/web-console-2.3.0/lib/web_console/templates/main.js.erb within layouts/javascript (0.4ms)
  Rendered /Users/manali/.rbenv/versions/2.6.6/lib/ruby/gems/2.6.0/gems/web-console-2.3.0/lib/web_console/templates/error_page.js.erb within layouts/javascript (0.5ms)
  Rendered /Users/manali/.rbenv/versions/2.6.6/lib/ruby/gems/2.6.0/gems/web-console-2.3.0/lib/web_console/templates/index.html.erb (35.4ms)


Started GET "/cart" for 127.0.0.1 at 2022-02-04 23:12:19 -0700
Processing by CartsController#show as HTML
  [1m[35mProduct Load (12.4ms)[0m  SELECT "products".* FROM "products" WHERE "products"."id" = 11
  Rendered carts/_item.html.erb (3.9ms)
  Rendered carts/show.html.erb within layouts/application (33.9ms)
  [1m[36mCategory Load (0.3ms)[0m  [1mSELECT "categories".* FROM "categories"[0m
  Rendered layouts/_top_nav.html.erb (1.6ms)
Completed 200 OK in 135ms (Views: 121.1ms | ActiveRecord: 12.7ms)


Started POST "/orders" for 127.0.0.1 at 2022-02-04 23:12:53 -0700
Processing by OrdersController#create as HTML
  Parameters: {"utf8"=>"✓", "authenticity_token"=>"QqYSiFSJcaGjlbdq07BvZXy/l9abtO3VcV8Aswsxt/obJCSWzSXM8bS59BWjsjQDe+sO3Zj5Fyg9EawaxWcU7g==", "stripeToken"=>"tok_1KPhVvLhXJ5zTREGKQKZtFiQ", "stripeTokenType"=>"card", "stripeEmail"=>"kvirani@gmail.com"}
  [1m[35mProduct Load (0.7ms)[0m  SELECT "products".* FROM "products" WHERE "products"."id" = 11
  [1m[36m (19.3ms)[0m  [1mBEGIN[0m
  [1m[35mSQL (3.0ms)[0m  INSERT INTO "orders" ("email", "total_cents", "stripe_charge_id", "created_at", "updated_at") VALUES ($1, $2, $3, $4, $5) RETURNING "id"  [["email", "kvirani@gmail.com"], ["total_cents", 98765], ["stripe_charge_id", "ch_3KPhVyLhXJ5zTREG2hvzKlRY"], ["created_at", "2022-02-05 06:12:55.648431"], ["updated_at", "2022-02-05 06:12:55.648431"]]
  [1m[36mSQL (30.1ms)[0m  [1mINSERT INTO "line_items" ("product_id", "quantity", "item_price_cents", "total_price_cents", "order_id", "created_at", "updated_at") VALUES ($1, $2, $3, $4, $5, $6, $7) RETURNING "id"[0m  [["product_id", 11], ["quantity", 1], ["item_price_cents", 98765], ["total_price_cents", 98765], ["order_id", 1], ["created_at", "2022-02-05 06:12:55.656256"], ["updated_at", "2022-02-05 06:12:55.656256"]]
  [1m[35m (2.2ms)[0m  COMMIT
Redirected to http://localhost:3000/orders/1
Completed 302 Found in 1740ms (ActiveRecord: 70.0ms)


Started GET "/orders/1" for 127.0.0.1 at 2022-02-04 23:12:55 -0700
Processing by OrdersController#show as HTML
  Parameters: {"id"=>"1"}
  [1m[36mOrder Load (0.6ms)[0m  [1mSELECT  "orders".* FROM "orders" WHERE "orders"."id" = $1 LIMIT 1[0m  [["id", 1]]
  Rendered orders/show.html.erb within layouts/application (0.8ms)
  [1m[35mCategory Load (20.1ms)[0m  SELECT "categories".* FROM "categories"
  Rendered layouts/_top_nav.html.erb (21.9ms)
Completed 200 OK in 99ms (Views: 69.5ms | ActiveRecord: 20.7ms)


Started GET "/service-worker.js" for 127.0.0.1 at 2022-02-04 23:12:57 -0700

ActionController::RoutingError (No route matches [GET] "/service-worker.js"):
  actionpack (4.2.11) lib/action_dispatch/middleware/debug_exceptions.rb:21:in `call'
  web-console (2.3.0) lib/web_console/middleware.rb:28:in `block in call'
  web-console (2.3.0) lib/web_console/middleware.rb:18:in `catch'
  web-console (2.3.0) lib/web_console/middleware.rb:18:in `call'
  actionpack (4.2.11) lib/action_dispatch/middleware/show_exceptions.rb:30:in `call'
  railties (4.2.11) lib/rails/rack/logger.rb:38:in `call_app'
  railties (4.2.11) lib/rails/rack/logger.rb:20:in `block in call'
  activesupport (4.2.11) lib/active_support/tagged_logging.rb:68:in `block in tagged'
  activesupport (4.2.11) lib/active_support/tagged_logging.rb:26:in `tagged'
  activesupport (4.2.11) lib/active_support/tagged_logging.rb:68:in `tagged'
  railties (4.2.11) lib/rails/rack/logger.rb:20:in `call'
  quiet_assets (1.1.0) lib/quiet_assets.rb:27:in `call_with_quiet_assets'
  actionpack (4.2.11) lib/action_dispatch/middleware/request_id.rb:21:in `call'
  rack (1.6.13) lib/rack/methodoverride.rb:22:in `call'
  rack (1.6.13) lib/rack/runtime.rb:18:in `call'
  activesupport (4.2.11) lib/active_support/cache/strategy/local_cache_middleware.rb:28:in `call'
  rack (1.6.13) lib/rack/lock.rb:17:in `call'
  actionpack (4.2.11) lib/action_dispatch/middleware/static.rb:120:in `call'
  rack (1.6.13) lib/rack/sendfile.rb:113:in `call'
  railties (4.2.11) lib/rails/engine.rb:518:in `call'
  railties (4.2.11) lib/rails/application.rb:165:in `call'
  rack (1.6.13) lib/rack/content_length.rb:15:in `call'
  puma (5.6.1) lib/puma/configuration.rb:252:in `call'
  puma (5.6.1) lib/puma/request.rb:77:in `block in handle_request'
  puma (5.6.1) lib/puma/thread_pool.rb:340:in `with_force_shutdown'
  puma (5.6.1) lib/puma/request.rb:76:in `handle_request'
  puma (5.6.1) lib/puma/server.rb:441:in `process_client'
  puma (5.6.1) lib/puma/thread_pool.rb:147:in `block in spawn_thread'


  Rendered /Users/manali/.rbenv/versions/2.6.6/lib/ruby/gems/2.6.0/gems/actionpack-4.2.11/lib/action_dispatch/middleware/templates/rescues/_trace.html.erb (2.2ms)
  Rendered /Users/manali/.rbenv/versions/2.6.6/lib/ruby/gems/2.6.0/gems/actionpack-4.2.11/lib/action_dispatch/middleware/templates/routes/_route.html.erb (1.5ms)
  Rendered /Users/manali/.rbenv/versions/2.6.6/lib/ruby/gems/2.6.0/gems/actionpack-4.2.11/lib/action_dispatch/middleware/templates/routes/_table.html.erb (1.9ms)
  Rendered /Users/manali/.rbenv/versions/2.6.6/lib/ruby/gems/2.6.0/gems/actionpack-4.2.11/lib/action_dispatch/middleware/templates/rescues/_request_and_response.html.erb (1.6ms)
  Rendered /Users/manali/.rbenv/versions/2.6.6/lib/ruby/gems/2.6.0/gems/actionpack-4.2.11/lib/action_dispatch/middleware/templates/rescues/routing_error.html.erb within rescues/layout (33.1ms)
  Rendered /Users/manali/.rbenv/versions/2.6.6/lib/ruby/gems/2.6.0/gems/web-console-2.3.0/lib/web_console/templates/_markup.html.erb (1.2ms)
  Rendered /Users/manali/.rbenv/versions/2.6.6/lib/ruby/gems/2.6.0/gems/web-console-2.3.0/lib/web_console/templates/_inner_console_markup.html.erb within layouts/inlined_string (0.5ms)
  Rendered /Users/manali/.rbenv/versions/2.6.6/lib/ruby/gems/2.6.0/gems/web-console-2.3.0/lib/web_console/templates/_prompt_box_markup.html.erb within layouts/inlined_string (0.4ms)
  Rendered /Users/manali/.rbenv/versions/2.6.6/lib/ruby/gems/2.6.0/gems/web-console-2.3.0/lib/web_console/templates/style.css.erb within layouts/inlined_string (0.3ms)
  Rendered /Users/manali/.rbenv/versions/2.6.6/lib/ruby/gems/2.6.0/gems/web-console-2.3.0/lib/web_console/templates/console.js.erb within layouts/javascript (23.3ms)
  Rendered /Users/manali/.rbenv/versions/2.6.6/lib/ruby/gems/2.6.0/gems/web-console-2.3.0/lib/web_console/templates/main.js.erb within layouts/javascript (0.4ms)
  Rendered /Users/manali/.rbenv/versions/2.6.6/lib/ruby/gems/2.6.0/gems/web-console-2.3.0/lib/web_console/templates/error_page.js.erb within layouts/javascript (0.4ms)
  Rendered /Users/manali/.rbenv/versions/2.6.6/lib/ruby/gems/2.6.0/gems/web-console-2.3.0/lib/web_console/templates/index.html.erb (62.6ms)


Started GET "/" for 127.0.0.1 at 2022-02-04 23:13:00 -0700
Processing by ProductsController#index as HTML
  [1m[36mProduct Load (0.9ms)[0m  [1mSELECT "products".* FROM "products"  ORDER BY "products"."created_at" DESC[0m
  Rendered products/_product.html.erb (91.9ms)
  Rendered products/index.html.erb within layouts/application (95.2ms)
  [1m[35mCategory Load (0.3ms)[0m  SELECT "categories".* FROM "categories"
  Rendered layouts/_top_nav.html.erb (1.6ms)
Completed 200 OK in 153ms (Views: 150.9ms | ActiveRecord: 1.3ms)
